<?xml version="1.0" encoding="UTF-8"?>
<!-- Generated by org.testng.reporters.JUnitReportReporter -->
<testsuite hostname="Rajendra-Laptop" failures="0" tests="3" name="Computhink.Contentverse.CV_CreateDocumentTest" time="128.493" errors="0" timestamp="2024-05-08T18:22:06 IST" skipped="0">
  <testcase classname="Computhink.Contentverse.CV_CreateDocumentTest" name="createWordDocument" time="42.705"/>
  <testcase classname="Computhink.Contentverse.CV_CreateDocumentTest" name="creatExcelDocument" time="44.120"/>
  <testcase classname="Computhink.Contentverse.CV_CreateDocumentTest" name="creatPdfDocument" time="41.668"/>
</testsuite> <!-- Computhink.Contentverse.CV_CreateDocumentTest -->
