<?xml version="1.0" encoding="UTF-8"?>
<!-- Generated by org.testng.reporters.JUnitReportReporter -->
<testsuite hostname="Rajendra-Laptop" failures="0" tests="1" name="Computhink.Contentverse.CV_SearchTestCase" time="55.726" errors="0" timestamp="2024-05-06T17:43:37 IST" skipped="0">
  <testcase classname="Computhink.Contentverse.CV_SearchTestCase" name="searchDocument" time="55.726"/>
</testsuite> <!-- Computhink.Contentverse.CV_SearchTestCase -->
