<?xml version="1.0" encoding="UTF-8"?>
<!-- Generated by org.testng.reporters.JUnitReportReporter -->
<testsuite hostname="Rajendra-Laptop" failures="0" tests="4" name="Computhink.Contentverse.CV_SendToWorkflowTestcase" time="230.707" errors="0" timestamp="2024-05-09T10:25:33 IST" skipped="0">
  <testcase classname="Computhink.Contentverse.CV_SendToWorkflowTestcase" name="SendToWorkFlow" time="76.415"/>
  <testcase classname="Computhink.Contentverse.CV_SendToWorkflowTestcase" name="WorflowVerify_By_First_User" time="76.006"/>
  <testcase classname="Computhink.Contentverse.CV_SendToWorkflowTestcase" name="WorflowVerify_By_Second_User" time="65.011"/>
  <testcase classname="Computhink.Contentverse.CV_SendToWorkflowTestcase" name="WorflowVerify_Reject" time="13.275"/>
</testsuite> <!-- Computhink.Contentverse.CV_SendToWorkflowTestcase -->
