<?xml version="1.0" encoding="UTF-8"?>
<!-- Generated by org.testng.reporters.JUnitReportReporter -->
<testsuite hostname="Rajendra-Laptop" failures="0" tests="1" name="Computhink.Contentverse.CV_UpdateExistingFileTest" time="45.086" errors="0" timestamp="2024-05-08T18:23:15 IST" skipped="0">
  <testcase classname="Computhink.Contentverse.CV_UpdateExistingFileTest" name="updateExistingDoc" time="45.086"/>
</testsuite> <!-- Computhink.Contentverse.CV_UpdateExistingFileTest -->
