<?xml version="1.0" encoding="UTF-8"?>
<!-- Generated by org.testng.reporters.JUnitReportReporter -->
<testsuite hostname="Rajendra-Laptop" failures="0" tests="6" name="Computhink.Contentverse.CV_LoginTestCase" time="39.962" errors="0" timestamp="2024-05-08T11:13:01 IST" skipped="0">
  <testcase classname="Computhink.Contentverse.CV_LoginTestCase" name="check_InValid_UserName" time="2.510"/>
  <testcase classname="Computhink.Contentverse.CV_LoginTestCase" name="check_InValid_Password" time="4.906"/>
  <testcase classname="Computhink.Contentverse.CV_LoginTestCase" name="check_Blank_Username" time="2.165"/>
  <testcase classname="Computhink.Contentverse.CV_LoginTestCase" name="check_Blank_Password" time="2.099"/>
  <testcase classname="Computhink.Contentverse.CV_LoginTestCase" name="check_Select_Room" time="2.102"/>
  <testcase classname="Computhink.Contentverse.CV_LoginTestCase" name="Check_Valid_Credentials" time="26.180"/>
</testsuite> <!-- Computhink.Contentverse.CV_LoginTestCase -->
