<?xml version="1.0" encoding="UTF-8"?>
<!-- Generated by org.testng.reporters.JUnitReportReporter -->
<testsuite hostname="Rajendra-Laptop" failures="0" tests="6" name="Computhink.Contentverse.CV_LoginTestCase" time="39.517" errors="0" timestamp="2024-05-06T17:46:39 IST" skipped="0">
  <testcase classname="Computhink.Contentverse.CV_LoginTestCase" name="check_InValid_UserName" time="2.627"/>
  <testcase classname="Computhink.Contentverse.CV_LoginTestCase" name="check_InValid_Password" time="2.832"/>
  <testcase classname="Computhink.Contentverse.CV_LoginTestCase" name="check_Blank_Username" time="2.226"/>
  <testcase classname="Computhink.Contentverse.CV_LoginTestCase" name="check_Blank_Password" time="3.919"/>
  <testcase classname="Computhink.Contentverse.CV_LoginTestCase" name="check_Select_Room" time="2.240"/>
  <testcase classname="Computhink.Contentverse.CV_LoginTestCase" name="Check_Valid_Credentials" time="25.673"/>
</testsuite> <!-- Computhink.Contentverse.CV_LoginTestCase -->
